2015/12/23 14:20:35 INFO  - jmeter.util.JMeterUtils: Setting Locale to en_US 
2015/12/23 14:20:35 INFO  - jmeter.JMeter: Loading user properties from: /Users/ssatish/Projects/gds/performance/apache-jmeter-2.13/bin/user.properties 
2015/12/23 14:20:35 INFO  - jmeter.JMeter: Loading system properties from: /Users/ssatish/Projects/gds/performance/apache-jmeter-2.13/bin/system.properties 
2015/12/23 14:20:36 INFO  - jmeter.JMeter: Copyright (c) 1998-2015 The Apache Software Foundation 
2015/12/23 14:20:36 INFO  - jmeter.JMeter: Version 2.13 r1665067 
2015/12/23 14:20:36 INFO  - jmeter.JMeter: java.version=1.8.0_20 
2015/12/23 14:20:36 INFO  - jmeter.JMeter: java.vm.name=Java HotSpot(TM) 64-Bit Server VM 
2015/12/23 14:20:36 INFO  - jmeter.JMeter: os.name=Mac OS X 
2015/12/23 14:20:36 INFO  - jmeter.JMeter: os.arch=x86_64 
2015/12/23 14:20:36 INFO  - jmeter.JMeter: os.version=10.9.5 
2015/12/23 14:20:36 INFO  - jmeter.JMeter: file.encoding=UTF-8 
2015/12/23 14:20:36 INFO  - jmeter.JMeter: Default Locale=English (United States) 
2015/12/23 14:20:36 INFO  - jmeter.JMeter: JMeter  Locale=English (United States) 
2015/12/23 14:20:36 INFO  - jmeter.JMeter: JMeterHome=/Users/ssatish/Projects/gds/performance/apache-jmeter-2.13 
2015/12/23 14:20:36 INFO  - jmeter.JMeter: user.dir  =/Users/ssatish/Projects/gds/govuk-content-schemas 
2015/12/23 14:20:36 INFO  - jmeter.JMeter: PWD       =/Users/ssatish/Projects/gds/govuk-content-schemas 
2015/12/23 14:20:36 INFO  - jmeter.JMeter: IP: 192.168.16.127 Name: eussatish.local FullName: 192.168.16.127 
2015/12/23 14:20:36 INFO  - jmeter.gui.action.LookAndFeelCommand: Using look and feel: com.apple.laf.AquaLookAndFeel [Mac OS X, System] 
2015/12/23 14:20:36 INFO  - jmeter.JMeter: Loaded icon properties from org/apache/jmeter/images/icon.properties 
2015/12/23 14:20:38 INFO  - jmeter.engine.util.CompoundVariable: Note: Function class names must contain the string: '.functions.' 
2015/12/23 14:20:38 INFO  - jmeter.engine.util.CompoundVariable: Note: Function class names must not contain the string: '.gui.' 
2015/12/23 14:20:39 INFO  - jmeter.util.BSFTestElement: Registering JMeter version of JavaScript engine as work-round for BSF-22 
2015/12/23 14:20:39 INFO  - jmeter.protocol.http.sampler.HTTPSamplerBase: Cannot find .className property for htmlParser, using default 
2015/12/23 14:20:39 INFO  - jmeter.protocol.http.sampler.HTTPSamplerBase: Parser for text/html is  
2015/12/23 14:20:39 INFO  - jmeter.protocol.http.sampler.HTTPSamplerBase: Parser for application/xhtml+xml is  
2015/12/23 14:20:39 INFO  - jmeter.protocol.http.sampler.HTTPSamplerBase: Parser for application/xml is  
2015/12/23 14:20:39 INFO  - jmeter.protocol.http.sampler.HTTPSamplerBase: Parser for text/xml is  
2015/12/23 14:20:39 INFO  - jmeter.protocol.http.sampler.HTTPSamplerBase: Parser for text/vnd.wap.wml is org.apache.jmeter.protocol.http.parser.RegexpHTMLParser 
2015/12/23 14:20:39 INFO  - jmeter.gui.util.MenuFactory: Skipping org.apache.jmeter.protocol.http.control.gui.WebServiceSamplerGui 
2015/12/23 14:20:39 INFO  - jmeter.gui.util.MenuFactory: Skipping org.apache.jmeter.protocol.http.modifier.gui.ParamModifierGui 
2015/12/23 14:20:40 INFO  - jorphan.exec.KeyToolUtils: keytool found at 'keytool' 
2015/12/23 14:20:40 INFO  - jmeter.protocol.http.proxy.ProxyControl: HTTP(S) Test Script Recorder SSL Proxy will use keys that support embedded 3rd party resources in file /Users/ssatish/Projects/gds/performance/apache-jmeter-2.13/bin/proxyserver.jks 
2015/12/23 14:20:40 INFO  - jmeter.samplers.SampleResult: Note: Sample TimeStamps are START times 
2015/12/23 14:20:40 INFO  - jmeter.samplers.SampleResult: sampleresult.default.encoding is set to ISO-8859-1 
2015/12/23 14:20:40 INFO  - jmeter.samplers.SampleResult: sampleresult.useNanoTime=true 
2015/12/23 14:20:40 INFO  - jmeter.samplers.SampleResult: sampleresult.nanoThreadSleep=5000 
